<?xml version="1.0" encoding="UTF-8"?>
<testng-results ignored="0" total="2" passed="2" failed="0" skipped="0">
  <reporter-output>
  </reporter-output>
  <suite started-at="2023-06-05T23:03:20 IST" name="Default suite" finished-at="2023-06-05T23:03:20 IST" duration-ms="62">
    <groups>
    </groups>
    <test started-at="2023-06-05T23:03:20 IST" name="Default test" finished-at="2023-06-05T23:03:20 IST" duration-ms="62">
      <class name="Selenium_Programming.Testngprogram">
        <test-method is-config="true" signature="bhar121()[pri:0, instance:Selenium_Programming.Testngprogram@1622f1b]" started-at="2023-06-05T23:03:20 IST" name="bhar121" finished-at="2023-06-05T23:03:20 IST" duration-ms="5" status="PASS">
          <reporter-output>
          </reporter-output>
        </test-method> <!-- bhar121 -->
        <test-method is-config="true" signature="bhar()[pri:0, instance:Selenium_Programming.Testngprogram@1622f1b]" started-at="2023-06-05T23:03:20 IST" name="bhar" finished-at="2023-06-05T23:03:20 IST" duration-ms="0" status="PASS">
          <reporter-output>
          </reporter-output>
        </test-method> <!-- bhar -->
        <test-method signature="bhar12122()[pri:0, instance:Selenium_Programming.Testngprogram@1622f1b]" started-at="2023-06-05T23:03:20 IST" name="bhar12122" finished-at="2023-06-05T23:03:20 IST" duration-ms="5" status="PASS">
          <reporter-output>
          </reporter-output>
        </test-method> <!-- bhar12122 -->
        <test-method is-config="true" signature="bhar1()[pri:0, instance:Selenium_Programming.Testngprogram@1622f1b]" started-at="2023-06-05T23:03:20 IST" name="bhar1" finished-at="2023-06-05T23:03:20 IST" duration-ms="0" status="PASS">
          <reporter-output>
          </reporter-output>
        </test-method> <!-- bhar1 -->
        <test-method is-config="true" signature="bhar12()[pri:0, instance:Selenium_Programming.Testngprogram@1622f1b]" started-at="2023-06-05T23:03:20 IST" name="bhar12" finished-at="2023-06-05T23:03:20 IST" duration-ms="0" status="PASS">
          <reporter-output>
          </reporter-output>
        </test-method> <!-- bhar12 -->
        <test-method is-config="true" signature="bhar2()[pri:0, instance:Selenium_Programming.Testngprogram@1622f1b]" started-at="2023-06-05T23:03:20 IST" name="bhar2" finished-at="2023-06-05T23:03:20 IST" duration-ms="2" status="PASS">
          <reporter-output>
          </reporter-output>
        </test-method> <!-- bhar2 -->
        <test-method is-config="true" signature="bhar()[pri:0, instance:Selenium_Programming.Testngprogram@1622f1b]" started-at="2023-06-05T23:03:20 IST" name="bhar" finished-at="2023-06-05T23:03:20 IST" duration-ms="1" status="PASS">
          <reporter-output>
          </reporter-output>
        </test-method> <!-- bhar -->
        <test-method signature="bhar121221()[pri:0, instance:Selenium_Programming.Testngprogram@1622f1b]" started-at="2023-06-05T23:03:20 IST" name="bhar121221" finished-at="2023-06-05T23:03:20 IST" duration-ms="1" status="PASS">
          <reporter-output>
          </reporter-output>
        </test-method> <!-- bhar121221 -->
        <test-method is-config="true" signature="bhar1()[pri:0, instance:Selenium_Programming.Testngprogram@1622f1b]" started-at="2023-06-05T23:03:20 IST" name="bhar1" finished-at="2023-06-05T23:03:20 IST" duration-ms="0" status="PASS">
          <reporter-output>
          </reporter-output>
        </test-method> <!-- bhar1 -->
        <test-method is-config="true" signature="bhar2()[pri:0, instance:Selenium_Programming.Testngprogram@1622f1b]" started-at="2023-06-05T23:03:20 IST" name="bhar2" finished-at="2023-06-05T23:03:20 IST" duration-ms="0" status="PASS">
          <reporter-output>
          </reporter-output>
        </test-method> <!-- bhar2 -->
        <test-method is-config="true" signature="bhar12()[pri:0, instance:Selenium_Programming.Testngprogram@1622f1b]" started-at="2023-06-05T23:03:20 IST" name="bhar12" finished-at="2023-06-05T23:03:20 IST" duration-ms="0" status="PASS">
          <reporter-output>
          </reporter-output>
        </test-method> <!-- bhar12 -->
        <test-method is-config="true" signature="bhar1212()[pri:0, instance:Selenium_Programming.Testngprogram@1622f1b]" started-at="2023-06-05T23:03:20 IST" name="bhar1212" finished-at="2023-06-05T23:03:20 IST" duration-ms="0" status="PASS">
          <reporter-output>
          </reporter-output>
        </test-method> <!-- bhar1212 -->
      </class> <!-- Selenium_Programming.Testngprogram -->
    </test> <!-- Default test -->
  </suite> <!-- Default suite -->
</testng-results>
